app/build/intermediates/manifest_merge_blame_file/debug/processDebugMainManifest/manifest-merger-blame-debug-report.txt
1<?xml version="1.0" encoding="utf-8"?>
2<manifest xmlns:android="http://schemas.android.com/apk/res/android"
3    package="com.example.museoenvivo"
4    android:versionCode="1"
5    android:versionName="1.0" >
6
7    <uses-sdk
8        android:minSdkVersion="24"
9        android:targetSdkVersion="34" />
10    <!-- Location permissions -->
11    <uses-permission android:name="android.permission.ACCESS_BACKGROUND_LOCATION" />
11-->src\main\AndroidManifest.xml:5:5-85
11-->src\main\AndroidManifest.xml:5:22-82
12    <uses-permission android:name="android.permission.FOREGROUND_SERVICE" />
12-->src\main\AndroidManifest.xml:6:5-77
12-->src\main\AndroidManifest.xml:6:22-74
13    <uses-permission android:name="android.permission.FOREGROUND_SERVICE_LOCATION" /> <!-- Network permissions -->
13-->src\main\AndroidManifest.xml:7:5-86
13-->src\main\AndroidManifest.xml:7:22-83
14    <uses-permission android:name="android.permission.INTERNET" />
14-->src\main\AndroidManifest.xml:8:5-67
14-->src\main\AndroidManifest.xml:8:22-64
15    <uses-permission android:name="android.permission.ACCESS_NETWORK_STATE" /> <!-- Location permissions for GPS and maps -->
15-->src\main\AndroidManifest.xml:9:5-79
15-->src\main\AndroidManifest.xml:9:22-76
16    <uses-permission android:name="android.permission.ACCESS_FINE_LOCATION" />
16-->src\main\AndroidManifest.xml:10:5-79
16-->src\main\AndroidManifest.xml:10:22-76
17    <uses-permission android:name="android.permission.ACCESS_COARSE_LOCATION" /> <!-- Camera permission for AR and QR scanning -->
17-->src\main\AndroidManifest.xml:11:5-81
17-->src\main\AndroidManifest.xml:11:22-78
18    <uses-permission android:name="android.permission.CAMERA" /> <!-- Audio recording for user content -->
18-->src\main\AndroidManifest.xml:12:5-65
18-->src\main\AndroidManifest.xml:12:22-62
19    <uses-permission android:name="android.permission.RECORD_AUDIO" /> <!-- Storage permissions for offline content -->
19-->src\main\AndroidManifest.xml:13:5-71
19-->src\main\AndroidManifest.xml:13:22-68
20    <uses-permission android:name="android.permission.READ_EXTERNAL_STORAGE" />
20-->src\main\AndroidManifest.xml:14:5-80
20-->src\main\AndroidManifest.xml:14:22-77
21    <uses-permission
21-->src\main\AndroidManifest.xml:15:5-17:38
22        android:name="android.permission.WRITE_EXTERNAL_STORAGE"
22-->src\main\AndroidManifest.xml:16:9-65
23        android:maxSdkVersion="28" /> <!-- Vibration for haptic feedback -->
23-->src\main\AndroidManifest.xml:17:9-35
24    <uses-permission android:name="android.permission.VIBRATE" /> <!-- AR features -->
24-->src\main\AndroidManifest.xml:18:5-66
24-->src\main\AndroidManifest.xml:18:22-63
25    <uses-feature
25-->src\main\AndroidManifest.xml:19:5-21:36
26        android:name="android.hardware.camera.ar"
26-->src\main\AndroidManifest.xml:20:9-50
27        android:required="false" />
27-->src\main\AndroidManifest.xml:21:9-33
28    <uses-feature
28-->src\main\AndroidManifest.xml:22:5-24:36
29        android:name="android.hardware.camera"
29-->src\main\AndroidManifest.xml:23:9-47
30        android:required="false" />
30-->src\main\AndroidManifest.xml:24:9-33
31    <uses-feature
31-->src\main\AndroidManifest.xml:25:5-27:36
32        android:name="android.hardware.location"
32-->src\main\AndroidManifest.xml:26:9-49
33        android:required="false" />
33-->src\main\AndroidManifest.xml:27:9-33
34    <uses-feature
34-->src\main\AndroidManifest.xml:28:5-30:36
35        android:name="android.hardware.location.gps"
35-->src\main\AndroidManifest.xml:29:9-53
36        android:required="false" />
36-->src\main\AndroidManifest.xml:30:9-33
37    <uses-feature
37-->[com.google.android.gms:play-services-maps:18.2.0] AndroidManifest.xml:26:5-28:35
38        android:glEsVersion="0x00020000"
38-->[com.google.android.gms:play-services-maps:18.2.0] AndroidManifest.xml:27:9-41
39        android:required="true" />
39-->[com.google.android.gms:play-services-maps:18.2.0] AndroidManifest.xml:28:9-32
40
41    <queries>
41-->[com.google.android.gms:play-services-maps:18.2.0] AndroidManifest.xml:30:5-34:15
42
43        <!-- Needs to be explicitly declared on Android R+ -->
44        <package android:name="com.google.android.apps.maps" />
44-->[com.google.android.gms:play-services-maps:18.2.0] AndroidManifest.xml:33:9-64
44-->[com.google.android.gms:play-services-maps:18.2.0] AndroidManifest.xml:33:18-61
45    </queries>
46
47    <uses-permission android:name="android.permission.WAKE_LOCK" />
47-->[com.google.android.gms:play-services-measurement:23.0.0] AndroidManifest.xml:25:5-68
47-->[com.google.android.gms:play-services-measurement:23.0.0] AndroidManifest.xml:25:22-65
48    <uses-permission android:name="com.google.android.finsky.permission.BIND_GET_INSTALL_REFERRER_SERVICE" />
48-->[com.google.android.gms:play-services-measurement:23.0.0] AndroidManifest.xml:26:5-110
48-->[com.google.android.gms:play-services-measurement:23.0.0] AndroidManifest.xml:26:22-107
49    <uses-permission android:name="com.google.android.gms.permission.AD_ID" />
49-->[com.google.android.gms:play-services-measurement-impl:23.0.0] AndroidManifest.xml:27:5-79
49-->[com.google.android.gms:play-services-measurement-impl:23.0.0] AndroidManifest.xml:27:22-76
50    <uses-permission android:name="android.permission.ACCESS_ADSERVICES_ATTRIBUTION" />
50-->[com.google.android.gms:play-services-measurement-api:23.0.0] AndroidManifest.xml:26:5-88
50-->[com.google.android.gms:play-services-measurement-api:23.0.0] AndroidManifest.xml:26:22-85
51    <uses-permission android:name="android.permission.ACCESS_ADSERVICES_AD_ID" />
51-->[com.google.android.gms:play-services-measurement-api:23.0.0] AndroidManifest.xml:27:5-82
51-->[com.google.android.gms:play-services-measurement-api:23.0.0] AndroidManifest.xml:27:22-79
52    <uses-permission android:name="com.google.android.providers.gsf.permission.READ_GSERVICES" />
52-->[com.google.android.recaptcha:recaptcha:18.6.1] AndroidManifest.xml:9:5-98
52-->[com.google.android.recaptcha:recaptcha:18.6.1] AndroidManifest.xml:9:22-95
53
54    <permission
54-->[androidx.core:core:1.13.1] AndroidManifest.xml:22:5-24:47
55        android:name="com.example.museoenvivo.DYNAMIC_RECEIVER_NOT_EXPORTED_PERMISSION"
55-->[androidx.core:core:1.13.1] AndroidManifest.xml:23:9-81
56        android:protectionLevel="signature" />
56-->[androidx.core:core:1.13.1] AndroidManifest.xml:24:9-44
57
58    <uses-permission android:name="com.example.museoenvivo.DYNAMIC_RECEIVER_NOT_EXPORTED_PERMISSION" />
58-->[androidx.core:core:1.13.1] AndroidManifest.xml:26:5-97
58-->[androidx.core:core:1.13.1] AndroidManifest.xml:26:22-94
59
60    <application
60-->src\main\AndroidManifest.xml:32:5-81:19
61        android:name="com.museovivo.app.MuseoVivoApplication"
61-->src\main\AndroidManifest.xml:33:9-45
62        android:allowBackup="true"
62-->src\main\AndroidManifest.xml:34:9-35
63        android:appComponentFactory="androidx.core.app.CoreComponentFactory"
63-->[androidx.core:core:1.13.1] AndroidManifest.xml:28:18-86
64        android:dataExtractionRules="@xml/data_extraction_rules"
64-->src\main\AndroidManifest.xml:35:9-65
65        android:debuggable="true"
66        android:extractNativeLibs="false"
67        android:fullBackupContent="@xml/backup_rules"
67-->src\main\AndroidManifest.xml:36:9-54
68        android:icon="@mipmap/ic_launcher"
68-->src\main\AndroidManifest.xml:37:9-43
69        android:label="@string/app_name"
69-->src\main\AndroidManifest.xml:38:9-41
70        android:roundIcon="@mipmap/ic_launcher_round"
70-->src\main\AndroidManifest.xml:39:9-54
71        android:supportsRtl="true"
71-->src\main\AndroidManifest.xml:40:9-35
72        android:testOnly="true"
73        android:theme="@style/Theme.MuseoVivo" >
73-->src\main\AndroidManifest.xml:41:9-47
74        <activity
74-->src\main\AndroidManifest.xml:43:9-45:40
75            android:name="com.museovivo.app.pointdetail.FullscreenImageActivity"
75-->src\main\AndroidManifest.xml:44:13-81
76            android:exported="false" />
76-->src\main\AndroidManifest.xml:45:13-37
77        <activity
77-->src\main\AndroidManifest.xml:46:9-48:40
78            android:name="com.museovivo.app.pointdetail.PointDetailActivity"
78-->src\main\AndroidManifest.xml:47:13-77
79            android:exported="false" />
79-->src\main\AndroidManifest.xml:48:13-37
80        <!-- Google Maps API Key -->
81        <meta-data
81-->src\main\AndroidManifest.xml:50:9-52:71
82            android:name="com.google.android.geo.API_KEY"
82-->src\main\AndroidManifest.xml:51:13-58
83            android:value="AIzaSyAZzb33sIzC1SrTnIXFS-myRMr-6OTtMUg" /> <!-- AR Core requirement -->
83-->src\main\AndroidManifest.xml:52:13-68
84        <meta-data
84-->src\main\AndroidManifest.xml:53:9-55:40
85            android:name="com.google.ar.core"
85-->src\main\AndroidManifest.xml:54:13-46
86            android:value="optional" /> <!-- Main Activity -->
86-->src\main\AndroidManifest.xml:55:13-37
87        <activity
87-->src\main\AndroidManifest.xml:56:9-65:20
88            android:name="com.museovivo.app.ui.MainActivity"
88-->src\main\AndroidManifest.xml:57:13-44
89            android:exported="true"
89-->src\main\AndroidManifest.xml:58:13-36
90            android:theme="@style/Theme.MuseoVivo" >
90-->src\main\AndroidManifest.xml:59:13-51
91            <intent-filter>
91-->src\main\AndroidManifest.xml:60:13-64:29
92                <action android:name="android.intent.action.MAIN" />
92-->src\main\AndroidManifest.xml:61:17-69
92-->src\main\AndroidManifest.xml:61:25-66
93
94                <category android:name="android.intent.category.LAUNCHER" />
94-->src\main\AndroidManifest.xml:63:17-77
94-->src\main\AndroidManifest.xml:63:27-74
95            </intent-filter>
96        </activity> <!-- Authentication Activity -->
97        <activity
97-->src\main\AndroidManifest.xml:66:9-69:54
98            android:name="com.museovivo.app.ui.auth.AuthActivity"
98-->src\main\AndroidManifest.xml:67:13-49
99            android:exported="false"
99-->src\main\AndroidManifest.xml:68:13-37
100            android:theme="@style/Theme.MuseoVivo" /> <!-- Map Activity -->
100-->src\main\AndroidManifest.xml:69:13-51
101        <activity
101-->src\main\AndroidManifest.xml:70:9-73:54
102            android:name="com.museovivo.app.mapas.MapActivity"
102-->src\main\AndroidManifest.xml:71:13-46
103            android:exported="false"
103-->src\main\AndroidManifest.xml:72:13-37
104            android:theme="@style/Theme.MuseoVivo" />
104-->src\main\AndroidManifest.xml:73:13-51
105        <activity
105-->src\main\AndroidManifest.xml:74:9-76:40
106            android:name="com.museovivo.app.ui.content.CulturalDetailActivity"
106-->src\main\AndroidManifest.xml:75:13-62
107            android:exported="false" />
107-->src\main\AndroidManifest.xml:76:13-37
108        <activity
108-->src\main\AndroidManifest.xml:77:9-80:54
109            android:name="com.museovivo.app.ui.profile.EditProfileActivity"
109-->src\main\AndroidManifest.xml:78:13-59
110            android:exported="false"
110-->src\main\AndroidManifest.xml:79:13-37
111            android:theme="@style/Theme.MuseoVivo" />
111-->src\main\AndroidManifest.xml:80:13-51
112        <activity
112-->[com.karumi:dexter:6.2.3] AndroidManifest.xml:27:9-29:72
113            android:name="com.karumi.dexter.DexterActivity"
113-->[com.karumi:dexter:6.2.3] AndroidManifest.xml:28:13-60
114            android:theme="@style/Dexter.Internal.Theme.Transparent" /> <!-- Needs to be explicitly declared on P+ -->
114-->[com.karumi:dexter:6.2.3] AndroidManifest.xml:29:13-69
115        <uses-library
115-->[com.google.android.gms:play-services-maps:18.2.0] AndroidManifest.xml:39:9-41:40
116            android:name="org.apache.http.legacy"
116-->[com.google.android.gms:play-services-maps:18.2.0] AndroidManifest.xml:40:13-50
117            android:required="false" />
117-->[com.google.android.gms:play-services-maps:18.2.0] AndroidManifest.xml:41:13-37
118
119        <activity
119-->[com.google.firebase:firebase-auth:24.0.0] AndroidManifest.xml:29:9-46:20
120            android:name="com.google.firebase.auth.internal.GenericIdpActivity"
120-->[com.google.firebase:firebase-auth:24.0.0] AndroidManifest.xml:30:13-80
121            android:excludeFromRecents="true"
121-->[com.google.firebase:firebase-auth:24.0.0] AndroidManifest.xml:31:13-46
122            android:exported="true"
122-->[com.google.firebase:firebase-auth:24.0.0] AndroidManifest.xml:32:13-36
123            android:launchMode="singleTask"
123-->[com.google.firebase:firebase-auth:24.0.0] AndroidManifest.xml:33:13-44
124            android:theme="@android:style/Theme.Translucent.NoTitleBar" >
124-->[com.google.firebase:firebase-auth:24.0.0] AndroidManifest.xml:34:13-72
125            <intent-filter>
125-->[com.google.firebase:firebase-auth:24.0.0] AndroidManifest.xml:35:13-45:29
126                <action android:name="android.intent.action.VIEW" />
126-->[com.google.firebase:firebase-auth:24.0.0] AndroidManifest.xml:36:17-69
126-->[com.google.firebase:firebase-auth:24.0.0] AndroidManifest.xml:36:25-66
127
128                <category android:name="android.intent.category.DEFAULT" />
128-->[com.google.firebase:firebase-auth:24.0.0] AndroidManifest.xml:38:17-76
128-->[com.google.firebase:firebase-auth:24.0.0] AndroidManifest.xml:38:27-73
129                <category android:name="android.intent.category.BROWSABLE" />
129-->[com.google.firebase:firebase-auth:24.0.0] AndroidManifest.xml:39:17-78
129-->[com.google.firebase:firebase-auth:24.0.0] AndroidManifest.xml:39:27-75
130
131                <data
131-->[com.google.firebase:firebase-auth:24.0.0] AndroidManifest.xml:41:17-44:51
132                    android:host="firebase.auth"
132-->[com.google.firebase:firebase-auth:24.0.0] AndroidManifest.xml:42:21-49
133                    android:path="/"
133-->[com.google.firebase:firebase-auth:24.0.0] AndroidManifest.xml:43:21-37
134                    android:scheme="genericidp" />
134-->[com.google.firebase:firebase-auth:24.0.0] AndroidManifest.xml:44:21-48
135            </intent-filter>
136        </activity>
137        <activity
137-->[com.google.firebase:firebase-auth:24.0.0] AndroidManifest.xml:47:9-64:20
138            android:name="com.google.firebase.auth.internal.RecaptchaActivity"
138-->[com.google.firebase:firebase-auth:24.0.0] AndroidManifest.xml:48:13-79
139            android:excludeFromRecents="true"
139-->[com.google.firebase:firebase-auth:24.0.0] AndroidManifest.xml:49:13-46
140            android:exported="true"
140-->[com.google.firebase:firebase-auth:24.0.0] AndroidManifest.xml:50:13-36
141            android:launchMode="singleTask"
141-->[com.google.firebase:firebase-auth:24.0.0] AndroidManifest.xml:51:13-44
142            android:theme="@android:style/Theme.Translucent.NoTitleBar" >
142-->[com.google.firebase:firebase-auth:24.0.0] AndroidManifest.xml:52:13-72
143            <intent-filter>
143-->[com.google.firebase:firebase-auth:24.0.0] AndroidManifest.xml:53:13-63:29
144                <action android:name="android.intent.action.VIEW" />
144-->[com.google.firebase:firebase-auth:24.0.0] AndroidManifest.xml:36:17-69
144-->[com.google.firebase:firebase-auth:24.0.0] AndroidManifest.xml:36:25-66
145
146                <category android:name="android.intent.category.DEFAULT" />
146-->[com.google.firebase:firebase-auth:24.0.0] AndroidManifest.xml:38:17-76
146-->[com.google.firebase:firebase-auth:24.0.0] AndroidManifest.xml:38:27-73
147                <category android:name="android.intent.category.BROWSABLE" />
147-->[com.google.firebase:firebase-auth:24.0.0] AndroidManifest.xml:39:17-78
147-->[com.google.firebase:firebase-auth:24.0.0] AndroidManifest.xml:39:27-75
148
149                <data
149-->[com.google.firebase:firebase-auth:24.0.0] AndroidManifest.xml:41:17-44:51
150                    android:host="firebase.auth"
150-->[com.google.firebase:firebase-auth:24.0.0] AndroidManifest.xml:42:21-49
151                    android:path="/"
151-->[com.google.firebase:firebase-auth:24.0.0] AndroidManifest.xml:43:21-37
152                    android:scheme="recaptcha" />
152-->[com.google.firebase:firebase-auth:24.0.0] AndroidManifest.xml:44:21-48
153            </intent-filter>
154        </activity>
155
156        <service
156-->[com.google.firebase:firebase-auth:24.0.0] AndroidManifest.xml:66:9-72:19
157            android:name="com.google.firebase.components.ComponentDiscoveryService"
157-->[com.google.firebase:firebase-auth:24.0.0] AndroidManifest.xml:67:13-84
158            android:directBootAware="true"
158-->[com.google.firebase:firebase-common:22.0.0] AndroidManifest.xml:32:13-43
159            android:exported="false" >
159-->[com.google.firebase:firebase-auth:24.0.0] AndroidManifest.xml:68:13-37
160            <meta-data
160-->[com.google.firebase:firebase-auth:24.0.0] AndroidManifest.xml:69:13-71:85
161                android:name="com.google.firebase.components:com.google.firebase.auth.FirebaseAuthRegistrar"
161-->[com.google.firebase:firebase-auth:24.0.0] AndroidManifest.xml:70:17-109
162                android:value="com.google.firebase.components.ComponentRegistrar" />
162-->[com.google.firebase:firebase-auth:24.0.0] AndroidManifest.xml:71:17-82
163            <meta-data
163-->[com.google.firebase:firebase-database:22.0.0] AndroidManifest.xml:29:13-31:85
164                android:name="com.google.firebase.components:com.google.firebase.database.FirebaseDatabaseKtxRegistrar"
164-->[com.google.firebase:firebase-database:22.0.0] AndroidManifest.xml:30:17-120
165                android:value="com.google.firebase.components.ComponentRegistrar" />
165-->[com.google.firebase:firebase-database:22.0.0] AndroidManifest.xml:31:17-82
166            <meta-data
166-->[com.google.firebase:firebase-database:22.0.0] AndroidManifest.xml:32:13-34:85
167                android:name="com.google.firebase.components:com.google.firebase.database.DatabaseRegistrar"
167-->[com.google.firebase:firebase-database:22.0.0] AndroidManifest.xml:33:17-109
168                android:value="com.google.firebase.components.ComponentRegistrar" />
168-->[com.google.firebase:firebase-database:22.0.0] AndroidManifest.xml:34:17-82
169            <meta-data
169-->[com.google.firebase:firebase-storage:22.0.0] AndroidManifest.xml:30:13-32:85
170                android:name="com.google.firebase.components:com.google.firebase.storage.FirebaseStorageKtxRegistrar"
170-->[com.google.firebase:firebase-storage:22.0.0] AndroidManifest.xml:31:17-118
171                android:value="com.google.firebase.components.ComponentRegistrar" />
171-->[com.google.firebase:firebase-storage:22.0.0] AndroidManifest.xml:32:17-82
172            <meta-data
172-->[com.google.firebase:firebase-storage:22.0.0] AndroidManifest.xml:33:13-35:85
173                android:name="com.google.firebase.components:com.google.firebase.storage.StorageRegistrar"
173-->[com.google.firebase:firebase-storage:22.0.0] AndroidManifest.xml:34:17-107
174                android:value="com.google.firebase.components.ComponentRegistrar" />
174-->[com.google.firebase:firebase-storage:22.0.0] AndroidManifest.xml:35:17-82
175            <meta-data
175-->[com.google.firebase:firebase-ai:17.1.0] AndroidManifest.xml:31:13-33:85
176                android:name="com.google.firebase.components:com.google.firebase.ai.FirebaseAIRegistrar"
176-->[com.google.firebase:firebase-ai:17.1.0] AndroidManifest.xml:32:17-105
177                android:value="com.google.firebase.components.ComponentRegistrar" />
177-->[com.google.firebase:firebase-ai:17.1.0] AndroidManifest.xml:33:17-82
178            <meta-data
178-->[com.google.firebase:firebase-appcheck:19.0.0] AndroidManifest.xml:25:13-27:85
179                android:name="com.google.firebase.components:com.google.firebase.appcheck.FirebaseAppCheckKtxRegistrar"
179-->[com.google.firebase:firebase-appcheck:19.0.0] AndroidManifest.xml:26:17-120
180                android:value="com.google.firebase.components.ComponentRegistrar" />
180-->[com.google.firebase:firebase-appcheck:19.0.0] AndroidManifest.xml:27:17-82
181            <meta-data
181-->[com.google.firebase:firebase-appcheck:19.0.0] AndroidManifest.xml:28:13-30:85
182                android:name="com.google.firebase.components:com.google.firebase.appcheck.FirebaseAppCheckRegistrar"
182-->[com.google.firebase:firebase-appcheck:19.0.0] AndroidManifest.xml:29:17-117
183                android:value="com.google.firebase.components.ComponentRegistrar" />
183-->[com.google.firebase:firebase-appcheck:19.0.0] AndroidManifest.xml:30:17-82
184            <meta-data
184-->[com.google.android.gms:play-services-measurement-api:23.0.0] AndroidManifest.xml:33:13-35:85
185                android:name="com.google.firebase.components:com.google.firebase.analytics.connector.internal.AnalyticsConnectorRegistrar"
185-->[com.google.android.gms:play-services-measurement-api:23.0.0] AndroidManifest.xml:34:17-139
186                android:value="com.google.firebase.components.ComponentRegistrar" />
186-->[com.google.android.gms:play-services-measurement-api:23.0.0] AndroidManifest.xml:35:17-82
187            <meta-data
187-->[com.google.firebase:firebase-installations:19.0.0] AndroidManifest.xml:15:13-17:85
188                android:name="com.google.firebase.components:com.google.firebase.installations.FirebaseInstallationsKtxRegistrar"
188-->[com.google.firebase:firebase-installations:19.0.0] AndroidManifest.xml:16:17-130
189                android:value="com.google.firebase.components.ComponentRegistrar" />
189-->[com.google.firebase:firebase-installations:19.0.0] AndroidManifest.xml:17:17-82
190            <meta-data
190-->[com.google.firebase:firebase-installations:19.0.0] AndroidManifest.xml:18:13-20:85
191                android:name="com.google.firebase.components:com.google.firebase.installations.FirebaseInstallationsRegistrar"
191-->[com.google.firebase:firebase-installations:19.0.0] AndroidManifest.xml:19:17-127
192                android:value="com.google.firebase.components.ComponentRegistrar" />
192-->[com.google.firebase:firebase-installations:19.0.0] AndroidManifest.xml:20:17-82
193            <meta-data
193-->[com.google.firebase:firebase-common:22.0.0] AndroidManifest.xml:35:13-37:85
194                android:name="com.google.firebase.components:com.google.firebase.FirebaseCommonKtxRegistrar"
194-->[com.google.firebase:firebase-common:22.0.0] AndroidManifest.xml:36:17-109
195                android:value="com.google.firebase.components.ComponentRegistrar" />
195-->[com.google.firebase:firebase-common:22.0.0] AndroidManifest.xml:37:17-82
196        </service>
197        <service
197-->[androidx.credentials:credentials-play-services-auth:1.2.0-rc01] AndroidManifest.xml:24:9-32:19
198            android:name="androidx.credentials.playservices.CredentialProviderMetadataHolder"
198-->[androidx.credentials:credentials-play-services-auth:1.2.0-rc01] AndroidManifest.xml:25:13-94
199            android:enabled="true"
199-->[androidx.credentials:credentials-play-services-auth:1.2.0-rc01] AndroidManifest.xml:26:13-35
200            android:exported="false" >
200-->[androidx.credentials:credentials-play-services-auth:1.2.0-rc01] AndroidManifest.xml:27:13-37
201            <meta-data
201-->[androidx.credentials:credentials-play-services-auth:1.2.0-rc01] AndroidManifest.xml:29:13-31:104
202                android:name="androidx.credentials.CREDENTIAL_PROVIDER_KEY"
202-->[androidx.credentials:credentials-play-services-auth:1.2.0-rc01] AndroidManifest.xml:30:17-76
203                android:value="androidx.credentials.playservices.CredentialProviderPlayServicesImpl" />
203-->[androidx.credentials:credentials-play-services-auth:1.2.0-rc01] AndroidManifest.xml:31:17-101
204        </service>
205
206        <activity
206-->[androidx.credentials:credentials-play-services-auth:1.2.0-rc01] AndroidManifest.xml:34:9-41:20
207            android:name="androidx.credentials.playservices.HiddenActivity"
207-->[androidx.credentials:credentials-play-services-auth:1.2.0-rc01] AndroidManifest.xml:35:13-76
208            android:configChanges="orientation|screenSize|screenLayout|keyboardHidden"
208-->[androidx.credentials:credentials-play-services-auth:1.2.0-rc01] AndroidManifest.xml:36:13-87
209            android:enabled="true"
209-->[androidx.credentials:credentials-play-services-auth:1.2.0-rc01] AndroidManifest.xml:37:13-35
210            android:exported="false"
210-->[androidx.credentials:credentials-play-services-auth:1.2.0-rc01] AndroidManifest.xml:38:13-37
211            android:fitsSystemWindows="true"
211-->[androidx.credentials:credentials-play-services-auth:1.2.0-rc01] AndroidManifest.xml:39:13-45
212            android:theme="@style/Theme.Hidden" >
212-->[androidx.credentials:credentials-play-services-auth:1.2.0-rc01] AndroidManifest.xml:40:13-48
213        </activity>
214        <activity
214-->[com.google.android.gms:play-services-auth:20.7.0] AndroidManifest.xml:23:9-27:75
215            android:name="com.google.android.gms.auth.api.signin.internal.SignInHubActivity"
215-->[com.google.android.gms:play-services-auth:20.7.0] AndroidManifest.xml:24:13-93
216            android:excludeFromRecents="true"
216-->[com.google.android.gms:play-services-auth:20.7.0] AndroidManifest.xml:25:13-46
217            android:exported="false"
217-->[com.google.android.gms:play-services-auth:20.7.0] AndroidManifest.xml:26:13-37
218            android:theme="@android:style/Theme.Translucent.NoTitleBar" />
218-->[com.google.android.gms:play-services-auth:20.7.0] AndroidManifest.xml:27:13-72
219        <!--
220            Service handling Google Sign-In user revocation. For apps that do not integrate with
221            Google Sign-In, this service will never be started.
222        -->
223        <service
223-->[com.google.android.gms:play-services-auth:20.7.0] AndroidManifest.xml:33:9-37:51
224            android:name="com.google.android.gms.auth.api.signin.RevocationBoundService"
224-->[com.google.android.gms:play-services-auth:20.7.0] AndroidManifest.xml:34:13-89
225            android:exported="true"
225-->[com.google.android.gms:play-services-auth:20.7.0] AndroidManifest.xml:35:13-36
226            android:permission="com.google.android.gms.auth.api.signin.permission.REVOCATION_NOTIFICATION"
226-->[com.google.android.gms:play-services-auth:20.7.0] AndroidManifest.xml:36:13-107
227            android:visibleToInstantApps="true" />
227-->[com.google.android.gms:play-services-auth:20.7.0] AndroidManifest.xml:37:13-48
228
229        <receiver
229-->[com.google.android.gms:play-services-measurement:23.0.0] AndroidManifest.xml:29:9-33:20
230            android:name="com.google.android.gms.measurement.AppMeasurementReceiver"
230-->[com.google.android.gms:play-services-measurement:23.0.0] AndroidManifest.xml:30:13-85
231            android:enabled="true"
231-->[com.google.android.gms:play-services-measurement:23.0.0] AndroidManifest.xml:31:13-35
232            android:exported="false" >
232-->[com.google.android.gms:play-services-measurement:23.0.0] AndroidManifest.xml:32:13-37
233        </receiver>
234
235        <service
235-->[com.google.android.gms:play-services-measurement:23.0.0] AndroidManifest.xml:35:9-38:40
236            android:name="com.google.android.gms.measurement.AppMeasurementService"
236-->[com.google.android.gms:play-services-measurement:23.0.0] AndroidManifest.xml:36:13-84
237            android:enabled="true"
237-->[com.google.android.gms:play-services-measurement:23.0.0] AndroidManifest.xml:37:13-35
238            android:exported="false" />
238-->[com.google.android.gms:play-services-measurement:23.0.0] AndroidManifest.xml:38:13-37
239        <service
239-->[com.google.android.gms:play-services-measurement:23.0.0] AndroidManifest.xml:39:9-43:72
240            android:name="com.google.android.gms.measurement.AppMeasurementJobService"
240-->[com.google.android.gms:play-services-measurement:23.0.0] AndroidManifest.xml:40:13-87
241            android:enabled="true"
241-->[com.google.android.gms:play-services-measurement:23.0.0] AndroidManifest.xml:41:13-35
242            android:exported="false"
242-->[com.google.android.gms:play-services-measurement:23.0.0] AndroidManifest.xml:42:13-37
243            android:permission="android.permission.BIND_JOB_SERVICE" />
243-->[com.google.android.gms:play-services-measurement:23.0.0] AndroidManifest.xml:43:13-69
244
245        <activity
245-->[com.google.android.gms:play-services-base:18.5.0] AndroidManifest.xml:5:9-173
246            android:name="com.google.android.gms.common.api.GoogleApiActivity"
246-->[com.google.android.gms:play-services-base:18.5.0] AndroidManifest.xml:5:19-85
247            android:exported="false"
247-->[com.google.android.gms:play-services-base:18.5.0] AndroidManifest.xml:5:146-170
248            android:theme="@android:style/Theme.Translucent.NoTitleBar" />
248-->[com.google.android.gms:play-services-base:18.5.0] AndroidManifest.xml:5:86-145
249
250        <provider
250-->[com.google.firebase:firebase-common:22.0.0] AndroidManifest.xml:23:9-28:39
251            android:name="com.google.firebase.provider.FirebaseInitProvider"
251-->[com.google.firebase:firebase-common:22.0.0] AndroidManifest.xml:24:13-77
252            android:authorities="com.example.museoenvivo.firebaseinitprovider"
252-->[com.google.firebase:firebase-common:22.0.0] AndroidManifest.xml:25:13-72
253            android:directBootAware="true"
253-->[com.google.firebase:firebase-common:22.0.0] AndroidManifest.xml:26:13-43
254            android:exported="false"
254-->[com.google.firebase:firebase-common:22.0.0] AndroidManifest.xml:27:13-37
255            android:initOrder="100" />
255-->[com.google.firebase:firebase-common:22.0.0] AndroidManifest.xml:28:13-36
256        <provider
256-->[androidx.emoji2:emoji2:1.3.0] AndroidManifest.xml:24:9-32:20
257            android:name="androidx.startup.InitializationProvider"